d:\kurs\nae-2022\debug\vc142.pdb
d:\kurs\nae-2022\debug\vc142.idb
d:\kurs\nae-2022\debug\semanalysis.obj
d:\kurs\nae-2022\debug\polish.obj
d:\kurs\nae-2022\debug\parm.obj
d:\kurs\nae-2022\debug\out.obj
d:\kurs\nae-2022\debug\nae-2022.obj
d:\kurs\nae-2022\debug\mfst.obj
d:\kurs\nae-2022\debug\lt.obj
d:\kurs\nae-2022\debug\log.obj
d:\kurs\nae-2022\debug\lexanalisys.obj
d:\kurs\nae-2022\debug\it.obj
d:\kurs\nae-2022\debug\in.obj
d:\kurs\nae-2022\debug\grb.obj
d:\kurs\nae-2022\debug\generation.obj
d:\kurs\nae-2022\debug\fst.obj
d:\kurs\nae-2022\debug\error.obj
d:\kurs\nae-2022\debug\nae-2022.exe
d:\kurs\nae-2022\debug\nae-2022.ilk
d:\kurs\nae-2022\debug\nae-2022.pdb
d:\kurs\nae-2022\debug\naelib.idb
d:\kurs\nae-2022\debug\naeasm.pdb
d:\kurs\nae-2022\debug\naelib.pdb
d:\kurs\nae-2022\debug\nae-2022.tlog\cl.command.1.tlog
d:\kurs\nae-2022\debug\nae-2022.tlog\cl.read.1.tlog
d:\kurs\nae-2022\debug\nae-2022.tlog\cl.write.1.tlog
d:\kurs\nae-2022\debug\nae-2022.tlog\link.command.1.tlog
d:\kurs\nae-2022\debug\nae-2022.tlog\link.read.1.tlog
d:\kurs\nae-2022\debug\nae-2022.tlog\link.write.1.tlog
