Сборка начата 04.01.2023 15:52:14.
Уровень детализации журнала: Normal.     1>Проект "D:\kurs\NAE-2022\NAE-2022.vcxproj" в узле 2 (целевые объекты Build).
     1>InitializeBuildStatus:
         Создание "Debug\NAE-2022.tlog\unsuccessfulbuild", так как было задано "AlwaysCreate".
       ClCompile:
         C:\Program Files (x86)\Microsoft Visual Studio\2019\Community\VC\Tools\MSVC\14.29.30133\bin\HostX86\x86\CL.exe /c /ZI /JMC /nologo /W3 /WX- /diagnostics:column /sdl /Od /Oy- /D WIN32 /D _DEBUG /D _CONSOLE /D _UNICODE /D UNICODE /Gm- /EHsc /RTC1 /MDd /GS /fp:precise /permissive- /Zc:wchar_t /Zc:forScope /Zc:inline /Fo"Debug\\" /Fd"Debug\vc142.pdb" /external:W3 /Gd /TP /analyze- /FC /errorReport:prompt SemAnalysis.cpp
         SemAnalysis.cpp
       Link:
         C:\Program Files (x86)\Microsoft Visual Studio\2019\Community\VC\Tools\MSVC\14.29.30133\bin\HostX86\x86\link.exe /ERRORREPORT:PROMPT /OUT:"D:\kurs\NAE-2022\Debug\NAE-2022.exe" /INCREMENTAL /ILK:"Debug\NAE-2022.ilk" /NOLOGO kernel32.lib user32.lib gdi32.lib winspool.lib comdlg32.lib advapi32.lib shell32.lib ole32.lib oleaut32.lib uuid.lib odbc32.lib odbccp32.lib /MANIFEST /MANIFESTUAC:"level='asInvoker' uiAccess='false'" /manifest:embed /DEBUG /PDB:"D:\kurs\NAE-2022\Debug\NAE-2022.pdb" /SUBSYSTEM:CONSOLE /TLBID:1 /DYNAMICBASE /NXCOMPAT /IMPLIB:"D:\kurs\NAE-2022\Debug\NAE-2022.lib" /MACHINE:X86 D:\kurs\NAE-2022\Debug\NAElib.lib Debug\Error.obj
         Debug\FST.obj
         Debug\Generation.obj
         Debug\GRB.obj
         Debug\In.obj
         Debug\IT.obj
         Debug\LexAnalisys.obj
         Debug\Log.obj
         Debug\LT.obj
         Debug\MFST.obj
         "Debug\NAE-2022.obj"
         Debug\Out.obj
         Debug\Parm.obj
         Debug\Polish.obj
         Debug\SemAnalysis.obj
         NAE-2022.vcxproj -> D:\kurs\NAE-2022\Debug\NAE-2022.exe
       FinalizeBuildStatus:
         Файл "Debug\NAE-2022.tlog\unsuccessfulbuild" удаляется.
         Обращение к "Debug\NAE-2022.tlog\NAE-2022.lastbuildstate".
     1>Сборка проекта "D:\kurs\NAE-2022\NAE-2022.vcxproj" завершена (целевые объекты Build).

Сборка успешно завершена.
    Предупреждений: 0
    Ошибок: 0

Прошло времени 00:00:01.97
